# dmidecode 3.0
Getting SMBIOS data from sysfs.
SMBIOS 2.8 present.
34 structures occupying 1962 bytes.
Table at 0x7BCFA000.

Handle 0x0000, DMI type 0, 24 bytes
BIOS Information
	Vendor: INSYDE Corp.
	Version: EB1015.2.02.016
	Release Date: 09/16/2015
	Address: 0xF0000
	Runtime Size: 64 kB
	ROM Size: 640 kB
	Characteristics:
		PCI is supported
		BIOS is upgradeable
		BIOS shadowing is allowed
		Boot from CD is supported
		Selectable boot is supported
		EDD is supported
		8042 keyboard services are supported (int 9h)
		Serial services are supported (int 14h)
		Printer services are supported (int 17h)
		CGA/mono video services are supported (int 10h)
		ACPI is supported
		USB legacy is supported
		ATAPI Zip drive boot is supported
		BIOS boot specification is supported
		Function key-initiated network boot is supported
		Targeted content distribution is supported
		UEFI is supported
	BIOS Revision: 18.18
	Firmware Revision: 0.0

Handle 0x0001, DMI type 1, 27 bytes
System Information
	Manufacturer: YIFANG
	Product Name: NXW101QC232
	Version: Type1 - TBD by OEM
	Serial Number: YF101515433
	UUID: 12345678-1234-5678-90AB-CDDEEFAABBCC
	Wake-up Type: Power Switch
	SKU Number: Type1 - SKU0
	Family: M1015BFP T11220300

Handle 0x0002, DMI type 2, 17 bytes
Base Board Information
	Manufacturer: YIFANG
	Product Name: EBM1015BFP
	Version: 1.2
	Serial Number: Type2 - Board Serial Number
	Asset Tag: Type2 - Board Asset Tag
	Features:
		Board is a hosting board
		Board is replaceable
	Location In Chassis: Type2 - Board Chassis Location
	Chassis Handle: 0x0003
	Type: Motherboard
	Contained Object Handles: 0

Handle 0x0003, DMI type 3, 24 bytes
Chassis Information
	Manufacturer: Chassis Manufacturer
	Type: Notebook
	Lock: Not Present
	Version: Chassis Version
	Serial Number: Chassis Serial Number
	Asset Tag: Chassis Asset Tag
	Boot-up State: Safe
	Power Supply State: Safe
	Thermal State: Safe
	Security Status: None
	OEM Information: 0x00000000
	Height: Unspecified
	Number Of Power Cords: 1
	Contained Elements: 0
	SKU Number: Not Specified

Handle 0x0004, DMI type 4, 42 bytes
Processor Information
	Socket Designation: CPU 1
	Type: Central Processor
	Family: Atom
	Manufacturer: Intel(R) Corporation
	ID: 78 06 03 00 FF FB EB BF
	Signature: Type 0, Family 6, Model 55, Stepping 8
	Flags:
		FPU (Floating-point unit on-chip)
		VME (Virtual mode extension)
		DE (Debugging extension)
		PSE (Page size extension)
		TSC (Time stamp counter)
		MSR (Model specific registers)
		PAE (Physical address extension)
		MCE (Machine check exception)
		CX8 (CMPXCHG8 instruction supported)
		APIC (On-chip APIC hardware supported)
		SEP (Fast system call)
		MTRR (Memory type range registers)
		PGE (Page global enable)
		MCA (Machine check architecture)
		CMOV (Conditional move instruction supported)
		PAT (Page attribute table)
		PSE-36 (36-bit page size extension)
		CLFSH (CLFLUSH instruction supported)
		DS (Debug store)
		ACPI (ACPI supported)
		MMX (MMX technology supported)
		FXSR (FXSAVE and FXSTOR instructions supported)
		SSE (Streaming SIMD extensions)
		SSE2 (Streaming SIMD extensions 2)
		SS (Self-snoop)
		HTT (Multi-threading)
		TM (Thermal monitor supported)
		PBE (Pending break enabled)
	Version: Intel(R) Atom(TM) CPU  Z3735F @ 1.33GHz
	Voltage: 0.7 V
	External Clock: 83 MHz
	Max Speed: 1826 MHz
	Current Speed: 1337 MHz
	Status: Populated, Enabled
	Upgrade: None
	L1 Cache Handle: 0x0008
	L2 Cache Handle: 0x0009
	L3 Cache Handle: Not Provided
	Serial Number: Not Specified
	Asset Tag: Not Specified
	Part Number: Not Specified
	Core Count: 4
	Core Enabled: 4
	Thread Count: 1
	Characteristics:
		64-bit capable
		Multi-Core
		Execute Protection
		Enhanced Virtualization
		Power/Performance Control

Handle 0x0005, DMI type 6, 12 bytes
Memory Module Information
	Socket Designation: DIMM0
	Bank Connections: 0 0
	Current Speed: Unknown
	Type: None
	Installed Size: 2048 MB (Single-bank Connection)
	Enabled Size: 2048 MB (Single-bank Connection)
	Error Status: OK

Handle 0x0006, DMI type 6, 12 bytes
Memory Module Information
	Socket Designation: DIMM1
	Bank Connections: 0 0
	Current Speed: Unknown
	Type: None
	Installed Size: Not Installed
	Enabled Size: Not Installed
	Error Status: OK

Handle 0x0007, DMI type 7, 19 bytes
Cache Information
	Socket Designation: L1 Cache
	Configuration: Enabled, Not Socketed, Level 1
	Operational Mode: Write Back
	Location: Internal
	Installed Size: 24 kB
	Maximum Size: 24 kB
	Supported SRAM Types:
		Synchronous
	Installed SRAM Type: Synchronous
	Speed: Unknown
	Error Correction Type: Single-bit ECC
	System Type: Data
	Associativity: Fully Associative

Handle 0x0008, DMI type 7, 19 bytes
Cache Information
	Socket Designation: L1 Cache
	Configuration: Enabled, Not Socketed, Level 1
	Operational Mode: Write Back
	Location: Internal
	Installed Size: 32 kB
	Maximum Size: 32 kB
	Supported SRAM Types:
		Synchronous
	Installed SRAM Type: Synchronous
	Speed: Unknown
	Error Correction Type: Single-bit ECC
	System Type: Instruction
	Associativity: 8-way Set-associative

Handle 0x0009, DMI type 7, 19 bytes
Cache Information
	Socket Designation: L2 Cache
	Configuration: Enabled, Not Socketed, Level 2
	Operational Mode: Write Back
	Location: Internal
	Installed Size: 1024 kB
	Maximum Size: 1024 kB
	Supported SRAM Types:
		Synchronous
	Installed SRAM Type: Synchronous
	Speed: Unknown
	Error Correction Type: Single-bit ECC
	System Type: Unified
	Associativity: 16-way Set-associative

Handle 0x000A, DMI type 8, 9 bytes
Port Connector Information
	Internal Reference Designator: J7A1
	Internal Connector Type: None
	External Reference Designator: Micro HDMI
	External Connector Type: Other
	Port Type: Video Port

Handle 0x000B, DMI type 8, 9 bytes
Port Connector Information
	Internal Reference Designator: J8A1
	Internal Connector Type: None
	External Reference Designator: Displat Port
	External Connector Type: Other
	Port Type: Video Port

Handle 0x000C, DMI type 8, 9 bytes
Port Connector Information
	Internal Reference Designator: J5A1
	Internal Connector Type: None
	External Reference Designator: USB3.0 AB
	External Connector Type: Access Bus (USB)
	Port Type: USB

Handle 0x000D, DMI type 8, 9 bytes
Port Connector Information
	Internal Reference Designator: J6A1
	Internal Connector Type: None
	External Reference Designator: USB3.0 Dock/USB2.0
	External Connector Type: Access Bus (USB)
	Port Type: USB

Handle 0x000E, DMI type 8, 9 bytes
Port Connector Information
	Internal Reference Designator: CON9E1
	Internal Connector Type: None
	External Reference Designator: Micro SDCard
	External Connector Type: Other
	Port Type: Other

Handle 0x000F, DMI type 8, 9 bytes
Port Connector Information
	Internal Reference Designator: J9A1
	Internal Connector Type: None
	External Reference Designator: SIM Card
	External Connector Type: Other
	Port Type: Other

Handle 0x0010, DMI type 8, 9 bytes
Port Connector Information
	Internal Reference Designator: J9E1
	Internal Connector Type: None
	External Reference Designator: Audio Jack
	External Connector Type: Mini Jack (headphones)
	Port Type: Audio Port

Handle 0x0011, DMI type 11, 5 bytes
OEM Strings
	String 1: Insyde Chipset

Handle 0x0012, DMI type 12, 5 bytes
System Configuration Options
	Option 1: String1 for Type12 Equipment Manufacturer
	Option 2: String2 for Type12 Equipment Manufacturer
	Option 3: String3 for Type12 Equipment Manufacturer
	Option 4: String4 for Type12 Equipment Manufacturer

Handle 0x0013, DMI type 13, 22 bytes
BIOS Language Information
	Language Description Format: Long
	Installable Languages: 4
		en|US|iso8859-1
		fr|CA|iso8859-1
		zh|TW|unicode
		ja|JP|unicode
	Currently Installed Language: en|US|iso8859-1

Handle 0x0014, DMI type 16, 15 bytes
Physical Memory Array
	Location: System Board Or Motherboard
	Use: System Memory
	Error Correction Type: None
	Maximum Capacity: 4 GB
	Error Information Handle: No Error
	Number Of Devices: 2

Handle 0x0015, DMI type 17, 34 bytes
Memory Device
	Array Handle: 0x0014
	Error Information Handle: No Error
	Total Width: 32 bits
	Data Width: 32 bits
	Size: 2048 MB
	Form Factor: SODIMM
	Set: None
	Locator: DIMM0
	Bank Locator: BANK 0
	Type: DDR3
	Type Detail: Synchronous
	Speed: 1333 MHz
	Manufacturer: To be filled by O.E.M
	Serial Number: To be filled by O.E.M
	Asset Tag: To be filled by O.E.M
	Part Number: To be filled by O.E.M
	Rank: Unknown
	Configured Clock Speed: 1333 MHz

Handle 0x0016, DMI type 17, 34 bytes
Memory Device
	Array Handle: 0x0014
	Error Information Handle: No Error
	Total Width: 32 bits
	Data Width: 32 bits
	Size: No Module Installed
	Form Factor: SODIMM
	Set: None
	Locator: DIMM1
	Bank Locator: BANK 1
	Type: DDR3
	Type Detail: Synchronous
	Speed: 1333 MHz
	Manufacturer: To be filled by O.E.M
	Serial Number: To be filled by O.E.M
	Asset Tag: To be filled by O.E.M
	Part Number: To be filled by O.E.M
	Rank: Unknown
	Configured Clock Speed: 1333 MHz

Handle 0x0017, DMI type 19, 15 bytes
Memory Array Mapped Address
	Starting Address: 0x00000000000
	Ending Address: 0x0007FFFFFFF
	Range Size: 2 GB
	Physical Array Handle: 0x0014
	Partition Width: 2

Handle 0x0018, DMI type 20, 19 bytes
Memory Device Mapped Address
	Starting Address: 0x00000000000
	Ending Address: 0x0007FFFFFFF
	Range Size: 2 GB
	Physical Device Handle: 0x0015
	Memory Array Mapped Address Handle: 0x0017
	Partition Row Position: Unknown

Handle 0x0019, DMI type 20, 19 bytes
Memory Device Mapped Address
	Starting Address: 0x00080000000
	Ending Address: 0x0007FFFFFFF
	Range Size: Invalid
	Physical Device Handle: 0x0016
	Memory Array Mapped Address Handle: 0x0017
	Partition Row Position: Unknown

Handle 0x001A, DMI type 22, 26 bytes
Portable Battery
	Location: I2C2
	Manufacturer: Intel SR 1
	Manufacture Date: Date
	Serial Number: 123456789
	Name: SR Real Battery
	Chemistry: Lithium Ion
	Design Capacity: 0 mWh
	Design Voltage: 3750 mV
	SBDS Version: CRB Battery 0
	Maximum Error: Unknown
	OEM-specific Information: 0x00000000

Handle 0x001B, DMI type 26, 22 bytes
Voltage Probe
	Description: Voltage Probe Description.
	Location: Unknown
	Status: Unknown
	Maximum Value: Unknown
	Minimum Value: Unknown
	Resolution: Unknown
	Tolerance: Unknown
	Accuracy: Unknown
	OEM-specific Information: 0x00000000
	Nominal Value: Unknown

Handle 0x001C, DMI type 28, 22 bytes
Temperature Probe
	Description: Temperature Probe Description.
	Location: Unknown
	Status: Unknown
	Maximum Value: Unknown
	Minimum Value: Unknown
	Resolution: Unknown
	Tolerance: Unknown
	Accuracy: Unknown
	OEM-specific Information: 0x00000000
	Nominal Value: Unknown

Handle 0x001D, DMI type 32, 11 bytes
System Boot Information
	Status: No errors detected

Handle 0x001E, DMI type 39, 22 bytes
System Power Supply
	Location: OEM_Define0
	Name: OEM_Define1
	Manufacturer: OEM_Define2
	Serial Number: OEM_Define3
	Asset Tag: OEM_Define4
	Model Part Number: OEM_Define5
	Revision: OEM_Define6
	Max Power Capacity: 42 W
	Status: Present, OK
	Type: Regulator
	Input Voltage Range Switching: Auto-switch
	Plugged: No
	Hot Replaceable: No
	Input Voltage Probe Handle: 0x001B

Handle 0x001F, DMI type 41, 11 bytes
Onboard Device
	Reference Designation: IGD
	Type: Video
	Status: Disabled
	Type Instance: 1
	Bus Address: 0000:00:02.0

Handle 0x0020, DMI type 148, 26 bytes
OEM-specific Type
	Header and Data:
		94 1A 20 00 01 02 03 04 05 06 07 08 09 0A 0B 0C
		0D 0E 0F 10 11 12 13 14 15 16
	Strings:
		7.2.1008
		832
		1.02
		1.1.2.1133
		Non ULPMC!!
		0x4_45
		0x27
		0F (C0 Stepping)
		BAY LAKE CR (6)
		0
		VLV-QC Tablet (1)
		EB1015.2.02.016
		41.01
		NA
		0
		0
		1
		1
		3
		1
		1
		1

Handle 0xFEFF, DMI type 127, 4 bytes
End Of Table

