log_file: /var/log/gpu-manager.log
last_boot_file: /var/lib/ubuntu-drivers-common/last_gfx_boot
new_boot_file: /var/lib/ubuntu-drivers-common/last_gfx_boot
can't access /run/u-d-c-nvidia-was-loaded file
can't access /run/u-d-c-fglrx-was-loaded file
Looking for fglrx modules in /lib/modules/4.8.0-rc2-flexx10-2+/updates/dkms
Looking for nvidia modules in /lib/modules/4.8.0-rc2-flexx10-2+/updates/dkms
Is intel loaded? yes
Vendor/Device Id: 8086:f31
BusID "PCI:0@0:2:0"
Is boot vga? yes
Skipping "/dev/dri/card0", driven by "i915"
Skipping "/dev/dri/card0", driven by "i915"
Skipping "/dev/dri/card0", driven by "i915"
Found "/dev/dri/card0", driven by "i915"
output 0:
Number of connected outputs for /dev/dri/card0: 1
Does it require offloading? yes
last cards number = 1
Has intel? yes
How many cards? 1
Has the system changed? No
main_arch_path x86_64-linux-gnu, other_arch_path i386-linux-gnu
Current alternative: /usr/lib/x86_64-linux-gnu/mesa/ld.so.conf
Current core alternative: (null)
Current egl alternative: /usr/lib/x86_64-linux-gnu/mesa-egl/ld.so.conf
Is mesa enabled? yes
Is mesa egl enabled? yes
Is mesa available? yes
Is mesa egl available? yes
Single card detected
Nothing to do
No change - nothing to do
